<?xml version="1.0" encoding="UTF-8"?>
<!-- Generated by org.testng.reporters.JUnitXMLReporter -->
<testsuite hostname="DESKTOP-6HLUR35" name="Swagger Smoke Test" tests="4" failures="2" timestamp="17 Nov 2020 17:28:20 GMT" time="6.391" errors="0">
  <testcase name="addPet" time="3.457" classname="TestModels.TestPet"/>
  <testcase name="deletePet" time="0.909" classname="TestModels.TestPet">
    <failure type="java.lang.AssertionError" message="expected [200] but found [404]">
      <![CDATA[java.lang.AssertionError: expected [200] but found [404]
	at TestModels.TestPet.deletePet(TestPet.java:36)
... Removed 30 stack frames]]>
    </failure>
  </testcase> <!-- deletePet -->
  <testcase name="findPet" time="0.967" classname="TestModels.TestPet"/>
  <testcase name="updatePet" time="0.963" classname="TestModels.TestPet">
    <failure type="java.lang.AssertionError" message="expected [200] but found [405]">
      <![CDATA[java.lang.AssertionError: expected [200] but found [405]
	at TestModels.TestPet.updatePet(TestPet.java:109)
... Removed 30 stack frames]]>
    </failure>
  </testcase> <!-- updatePet -->
</testsuite> <!-- Swagger Smoke Test -->
